07.07.2026-15:34:20:209 | Disease database initialized.
07.07.2026-15:34:25:754 | Analysing started...
07.07.2026-15:34:26:749 | Reference data file found. Skipping download.
07.07.2026-15:34:26:750 | Annotation file found. Skipping download.
07.07.2026-15:34:36:969 | No MANE Select tag, using longest-CDS transcript rna-NM_000546.5
07.07.2026-15:34:36:976 | Parsing 3 mutations...
07.07.2026-15:34:36:979 | Analysing has ended.
07.07.2026-15:35:22:000 | Disease database initialized.
07.07.2026-15:35:29:157 | Analysing started...
07.07.2026-15:35:30:075 | Reference data file found. Skipping download.
07.07.2026-15:35:30:075 | Annotation file found. Skipping download.
07.07.2026-15:35:40:109 | No MANE Select tag, using longest-CDS transcript rna-NM_000546.5
07.07.2026-15:35:40:114 | Parsing 3 mutations...
07.07.2026-15:35:40:117 | Analysing has ended.
07.07.2026-15:38:17:142 | Disease database initialized.
07.07.2026-15:38:26:612 | Analysing started...
07.07.2026-15:38:27:279 | Reference data file found. Skipping download.
07.07.2026-15:38:27:280 | Annotation file found. Skipping download.
07.07.2026-15:38:37:969 | No MANE Select tag, using longest-CDS transcript rna-NM_000546.5
07.07.2026-15:38:37:976 | Parsing 3 mutations...
07.07.2026-15:38:37:978 | Analysing has ended.
07.07.2026-15:39:57:481 | Disease database initialized.
07.07.2026-15:45:18:747 | Disease database initialized.
07.07.2026-15:45:29:425 | Analysing started...
07.07.2026-15:45:30:029 | Reference data file found. Skipping download.
07.07.2026-15:45:30:030 | Annotation file found. Skipping download.
07.07.2026-15:45:40:621 | No MANE Select tag, using longest-CDS transcript rna-NM_000546.5
07.07.2026-15:45:40:628 | Parsing 3 mutations...
07.07.2026-15:45:40:631 | Analysing has ended.
07.07.2026-15:46:42:671 | Disease database initialized.
07.07.2026-15:46:54:772 | Disease database initialized.
07.07.2026-15:47:04:429 | Analysing started...
07.07.2026-15:47:05:024 | Reference data file found. Skipping download.
07.07.2026-15:47:05:024 | Annotation file found. Skipping download.
07.07.2026-15:47:14:953 | No MANE Select tag, using longest-CDS transcript rna-NM_000546.5
07.07.2026-15:47:14:958 | Parsing 3 mutations...
07.07.2026-15:47:14:961 | Analysing has ended.
07.07.2026-15:52:08:768 | Disease database initialized.
07.07.2026-15:52:08:876 | Weekly DB update threshold reached. Initializing update...
07.07.2026-15:52:08:877 | Starting ClinVar database download...
07.07.2026-16:10:53:899 | ClinVar database downloaded successfully.
07.07.2026-16:10:53:900 | Parsing into SQLite DB...
07.07.2026-16:10:54:669 | Parsed 50000 variants...
07.07.2026-16:10:55:696 | Parsed 100000 variants...
07.07.2026-16:10:57:044 | Parsed 150000 variants...
07.07.2026-16:10:58:256 | Parsed 200000 variants...
07.07.2026-16:10:59:410 | Parsed 250000 variants...
07.07.2026-16:11:00:715 | Parsed 300000 variants...
07.07.2026-16:11:02:022 | Parsed 350000 variants...
07.07.2026-16:11:03:237 | Parsed 400000 variants...
07.07.2026-16:11:04:453 | Parsed 450000 variants...
07.07.2026-16:11:06:164 | Parsed 500000 variants...
07.07.2026-16:11:08:257 | Parsed 550000 variants...
07.07.2026-16:11:10:099 | Parsed 600000 variants...
07.07.2026-16:11:11:981 | Parsed 650000 variants...
07.07.2026-16:11:14:592 | Parsed 700000 variants...
07.07.2026-16:11:16:472 | Parsed 750000 variants...
07.07.2026-16:11:18:437 | Parsed 800000 variants...
07.07.2026-16:11:20:995 | Parsed 850000 variants...
07.07.2026-16:11:23:327 | Parsed 900000 variants...
07.07.2026-16:11:25:563 | Parsed 950000 variants...
07.07.2026-16:11:27:402 | Parsed 1000000 variants...
07.07.2026-16:11:29:271 | Parsed 1050000 variants...
07.07.2026-16:11:31:195 | Parsed 1100000 variants...
07.07.2026-16:11:33:216 | Parsed 1150000 variants...
07.07.2026-16:11:35:153 | Parsed 1200000 variants...
07.07.2026-16:11:37:160 | Parsed 1250000 variants...
07.07.2026-16:11:39:260 | Parsed 1300000 variants...
07.07.2026-16:11:41:451 | Parsed 1350000 variants...
07.07.2026-16:11:44:028 | Parsed 1400000 variants...
07.07.2026-16:11:46:915 | Parsed 1450000 variants...
07.07.2026-16:11:49:084 | Parsed 1500000 variants...
07.07.2026-16:11:49:801 | Parsed 1550000 variants...
07.07.2026-16:11:50:544 | Parsed 1600000 variants...
07.07.2026-16:11:51:915 | Parsed 1650000 variants...
07.07.2026-16:11:52:997 | Parsed 1700000 variants...
07.07.2026-16:11:54:896 | Parsed 1750000 variants...
07.07.2026-16:11:56:338 | Parsed 1800000 variants...
07.07.2026-16:11:57:168 | Parsed 1850000 variants...
07.07.2026-16:11:58:014 | Parsed 1900000 variants...
07.07.2026-16:12:00:014 | Parsed 1950000 variants...
07.07.2026-16:12:03:033 | Parsed 2000000 variants...
07.07.2026-16:12:04:279 | Parsed 2050000 variants...
07.07.2026-16:12:05:382 | Parsed 2100000 variants...
07.07.2026-16:12:06:935 | Parsed 2150000 variants...
07.07.2026-16:12:07:834 | Parsed 2200000 variants...
07.07.2026-16:12:08:780 | Parsed 2250000 variants...
07.07.2026-16:12:10:306 | Parsed 2300000 variants...
07.07.2026-16:12:11:212 | Parsed 2350000 variants...
07.07.2026-16:12:12:271 | Parsed 2400000 variants...
07.07.2026-16:12:13:220 | Parsed 2450000 variants...
07.07.2026-16:12:15:905 | Parsed 2500000 variants...
07.07.2026-16:12:17:909 | Parsed 2550000 variants...
07.07.2026-16:12:18:933 | Parsed 2600000 variants...
07.07.2026-16:12:20:384 | Parsed 2650000 variants...
07.07.2026-16:12:22:728 | Parsed 2700000 variants...
07.07.2026-16:12:26:041 | Parsed 2750000 variants...
07.07.2026-16:12:26:927 | Database generation completed. Integrated 2759346 variants.
07.07.2026-16:12:26:962 | Temporary data buffer purged successfully.
07.07.2026-16:39:24:773 | Analysing started...
07.07.2026-16:39:25:525 | Reference data file found. Skipping download.
07.07.2026-16:39:25:526 | Annotation file found. Skipping download.
07.07.2026-16:39:36:126 | No MANE Select tag, using longest-CDS transcript rna-NM_000546.5
07.07.2026-16:39:36:133 | Parsing 3 mutations...
07.07.2026-16:39:36:137 | Analysing has ended.
07.07.2026-18:54:54:524 | Disease database initialized.
07.07.2026-18:55:04:052 | Analysing started...
07.07.2026-18:55:04:906 | Reference data file found. Skipping download.
07.07.2026-18:55:04:907 | Annotation file found. Skipping download.
07.07.2026-18:55:16:193 | No MANE Select tag, using longest-CDS transcript rna-NM_000546.5
07.07.2026-18:55:16:203 | Parsing 3 mutations...
07.07.2026-18:55:16:208 | Analysing has ended.
07.07.2026-19:50:52:499 | Disease database initialized.
07.07.2026-19:51:00:104 | Analysing started...
07.07.2026-19:51:00:711 | Reference data file found. Skipping download.
07.07.2026-19:51:00:712 | Annotation file found. Skipping download.
07.07.2026-19:51:12:858 | No MANE Select tag, using longest-CDS transcript rna-NM_000546.5
07.07.2026-19:51:12:869 | Parsing 3 mutations...
07.07.2026-19:51:12:880 | Analysing has ended.
07.07.2026-22:55:19:251 | Disease database initialized.
07.07.2026-22:55:27:070 | Analysing started...
07.07.2026-22:55:27:746 | Reference data file found. Skipping download.
07.07.2026-22:55:27:746 | Annotation file found. Skipping download.
07.07.2026-22:55:37:922 | No MANE Select tag, using longest-CDS transcript rna-NM_000546.5
07.07.2026-22:55:37:928 | Parsing 3 mutations...
07.07.2026-22:55:37:933 | Analysing has ended.
07.07.2026-22:58:47:692 | Disease database initialized.
07.07.2026-22:58:57:257 | Analysing started...
07.07.2026-22:58:57:849 | Reference data file found. Skipping download.
07.07.2026-22:58:57:849 | Annotation file found. Skipping download.
07.07.2026-22:59:07:858 | No MANE Select tag, using longest-CDS transcript rna-NM_000546.5
07.07.2026-22:59:07:866 | Parsing 3 mutations...
07.07.2026-22:59:07:867 | Analysing has ended.
07.07.2026-22:59:13:999 | VCF data exported in C:\Users\Asus\Desktop\Creative\Projects\GeneAnalyzerX\data\gene_TP53_export.vcf.
